{"/Users/euanmorgan/Documents/Code/Express/tdt/config/default.ts": {"path":"/Users/euanmorgan/Documents/Code/Express/tdt/config/default.ts","statementMap":{"0":{"start":{"line":1,"column":0},"end":{"line":73,"column":2}}},"fnMap":{},"branchMap":{},"s":{"0":2},"f":{},"b":{}}
,"/Users/euanmorgan/Documents/Code/Express/tdt/src/routes.ts": {"path":"/Users/euanmorgan/Documents/Code/Express/tdt/src/routes.ts","statementMap":{"0":{"start":{"line":2,"column":0},"end":{"line":2,"column":64}},"1":{"start":{"line":3,"column":0},"end":{"line":3,"column":61}},"2":{"start":{"line":4,"column":0},"end":{"line":4,"column":60}},"3":{"start":{"line":5,"column":0},"end":{"line":5,"column":null}},"4":{"start":{"line":10,"column":0},"end":{"line":10,"column":66}},"5":{"start":{"line":11,"column":0},"end":{"line":11,"column":53}},"6":{"start":{"line":12,"column":0},"end":{"line":12,"column":null}},"7":{"start":{"line":18,"column":0},"end":{"line":18,"column":null}},"8":{"start":{"line":25,"column":2},"end":{"line":27,"column":5}},"9":{"start":{"line":26,"column":4},"end":{"line":26,"column":21}},"10":{"start":{"line":29,"column":2},"end":{"line":33,"column":4}},"11":{"start":{"line":34,"column":2},"end":{"line":38,"column":4}},"12":{"start":{"line":40,"column":2},"end":{"line":40,"column":64}},"13":{"start":{"line":41,"column":2},"end":{"line":41,"column":65}},"14":{"start":{"line":43,"column":2},"end":{"line":47,"column":4}},"15":{"start":{"line":48,"column":2},"end":{"line":52,"column":4}},"16":{"start":{"line":53,"column":2},"end":{"line":57,"column":4}},"17":{"start":{"line":58,"column":2},"end":{"line":62,"column":4}},"18":{"start":{"line":65,"column":0},"end":{"line":65,"column":22}}},"fnMap":{"0":{"name":"routes","decl":{"start":{"line":24,"column":9},"end":{"line":24,"column":15}},"loc":{"start":{"line":24,"column":28},"end":{"line":63,"column":1}}},"1":{"name":"(anonymous_2)","decl":{"start":{"line":25,"column":19},"end":{"line":25,"column":20}},"loc":{"start":{"line":25,"column":32},"end":{"line":27,"column":3}}}},"branchMap":{},"s":{"0":2,"1":2,"2":2,"3":2,"4":2,"5":2,"6":2,"7":2,"8":3,"9":0,"10":3,"11":3,"12":3,"13":3,"14":3,"15":3,"16":3,"17":3,"18":2},"f":{"0":3,"1":0},"b":{}}
,"/Users/euanmorgan/Documents/Code/Express/tdt/src/controllers/product.controller.ts": {"path":"/Users/euanmorgan/Documents/Code/Express/tdt/src/controllers/product.controller.ts","statementMap":{"0":{"start":{"line":6,"column":0},"end":{"line":6,"column":null}},"1":{"start":{"line":17,"column":17},"end":{"line":17,"column":37}},"2":{"start":{"line":19,"column":15},"end":{"line":19,"column":23}},"3":{"start":{"line":21,"column":2},"end":{"line":27,"column":null}},"4":{"start":{"line":22,"column":20},"end":{"line":22,"column":64}},"5":{"start":{"line":24,"column":4},"end":{"line":24,"column":29}},"6":{"start":{"line":26,"column":4},"end":{"line":26,"column":56}},"7":{"start":{"line":13,"column":0},"end":{"line":13,"column":22}},"8":{"start":{"line":35,"column":17},"end":{"line":35,"column":37}},"9":{"start":{"line":36,"column":20},"end":{"line":36,"column":40}},"10":{"start":{"line":38,"column":17},"end":{"line":38,"column":25}},"11":{"start":{"line":40,"column":2},"end":{"line":58,"column":null}},"12":{"start":{"line":41,"column":20},"end":{"line":41,"column":50}},"13":{"start":{"line":43,"column":4},"end":{"line":45,"column":null}},"14":{"start":{"line":44,"column":6},"end":{"line":44,"column":33}},"15":{"start":{"line":47,"column":4},"end":{"line":49,"column":null}},"16":{"start":{"line":48,"column":6},"end":{"line":48,"column":33}},"17":{"start":{"line":51,"column":27},"end":{"line":53,"column":6}},"18":{"start":{"line":55,"column":4},"end":{"line":55,"column":36}},"19":{"start":{"line":57,"column":4},"end":{"line":57,"column":56}},"20":{"start":{"line":31,"column":0},"end":{"line":31,"column":22}},"21":{"start":{"line":64,"column":20},"end":{"line":64,"column":40}},"22":{"start":{"line":66,"column":2},"end":{"line":78,"column":null}},"23":{"start":{"line":67,"column":20},"end":{"line":67,"column":50}},"24":{"start":{"line":69,"column":4},"end":{"line":69,"column":36}},"25":{"start":{"line":71,"column":4},"end":{"line":73,"column":null}},"26":{"start":{"line":72,"column":6},"end":{"line":72,"column":33}},"27":{"start":{"line":75,"column":4},"end":{"line":75,"column":29}},"28":{"start":{"line":77,"column":4},"end":{"line":77,"column":56}},"29":{"start":{"line":60,"column":0},"end":{"line":60,"column":22}},"30":{"start":{"line":84,"column":20},"end":{"line":84,"column":40}},"31":{"start":{"line":85,"column":17},"end":{"line":85,"column":37}},"32":{"start":{"line":87,"column":2},"end":{"line":103,"column":null}},"33":{"start":{"line":88,"column":20},"end":{"line":88,"column":50}},"34":{"start":{"line":90,"column":4},"end":{"line":92,"column":null}},"35":{"start":{"line":91,"column":6},"end":{"line":91,"column":33}},"36":{"start":{"line":94,"column":4},"end":{"line":96,"column":null}},"37":{"start":{"line":95,"column":6},"end":{"line":95,"column":33}},"38":{"start":{"line":98,"column":4},"end":{"line":98,"column":37}},"39":{"start":{"line":100,"column":4},"end":{"line":100,"column":75}},"40":{"start":{"line":102,"column":4},"end":{"line":102,"column":56}},"41":{"start":{"line":80,"column":0},"end":{"line":80,"column":22}}},"fnMap":{"0":{"name":"createProductHandler","decl":{"start":{"line":13,"column":22},"end":{"line":13,"column":42}},"loc":{"start":{"line":15,"column":15},"end":{"line":28,"column":null}}},"1":{"name":"updateProductHandler","decl":{"start":{"line":31,"column":22},"end":{"line":31,"column":42}},"loc":{"start":{"line":33,"column":15},"end":{"line":59,"column":null}}},"2":{"name":"getProductHandler","decl":{"start":{"line":60,"column":22},"end":{"line":60,"column":39}},"loc":{"start":{"line":62,"column":15},"end":{"line":79,"column":null}}},"3":{"name":"deleteProductHandler","decl":{"start":{"line":80,"column":22},"end":{"line":80,"column":42}},"loc":{"start":{"line":82,"column":15},"end":{"line":104,"column":null}}}},"branchMap":{"0":{"loc":{"start":{"line":43,"column":4},"end":{"line":45,"column":null}},"type":"if","locations":[{"start":{"line":43,"column":4},"end":{"line":45,"column":null}}]},"1":{"loc":{"start":{"line":47,"column":4},"end":{"line":49,"column":null}},"type":"if","locations":[{"start":{"line":47,"column":4},"end":{"line":49,"column":null}}]},"2":{"loc":{"start":{"line":71,"column":4},"end":{"line":73,"column":null}},"type":"if","locations":[{"start":{"line":71,"column":4},"end":{"line":73,"column":null}}]},"3":{"loc":{"start":{"line":90,"column":4},"end":{"line":92,"column":null}},"type":"if","locations":[{"start":{"line":90,"column":4},"end":{"line":92,"column":null}}]},"4":{"loc":{"start":{"line":94,"column":4},"end":{"line":96,"column":null}},"type":"if","locations":[{"start":{"line":94,"column":4},"end":{"line":96,"column":null}}]}},"s":{"0":2,"1":1,"2":1,"3":1,"4":1,"5":1,"6":0,"7":2,"8":0,"9":0,"10":0,"11":0,"12":0,"13":0,"14":0,"15":0,"16":0,"17":0,"18":0,"19":0,"20":2,"21":2,"22":2,"23":2,"24":2,"25":2,"26":1,"27":1,"28":0,"29":2,"30":0,"31":0,"32":0,"33":0,"34":0,"35":0,"36":0,"37":0,"38":0,"39":0,"40":0,"41":2},"f":{"0":1,"1":0,"2":2,"3":0},"b":{"0":[0],"1":[0],"2":[1],"3":[0],"4":[0]}}
,"/Users/euanmorgan/Documents/Code/Express/tdt/src/controllers/session.controller.ts": {"path":"/Users/euanmorgan/Documents/Code/Express/tdt/src/controllers/session.controller.ts","statementMap":{"0":{"start":{"line":2,"column":0},"end":{"line":2,"column":58}},"1":{"start":{"line":3,"column":0},"end":{"line":3,"column":null}},"2":{"start":{"line":8,"column":0},"end":{"line":8,"column":43}},"3":{"start":{"line":9,"column":0},"end":{"line":9,"column":28}},"4":{"start":{"line":12,"column":15},"end":{"line":12,"column":47}},"5":{"start":{"line":14,"column":2},"end":{"line":16,"column":null}},"6":{"start":{"line":15,"column":4},"end":{"line":15,"column":61}},"7":{"start":{"line":18,"column":18},"end":{"line":18,"column":76}},"8":{"start":{"line":20,"column":22},"end":{"line":27,"column":null}},"9":{"start":{"line":31,"column":23},"end":{"line":38,"column":null}},"10":{"start":{"line":42,"column":2},"end":{"line":42,"column":47}},"11":{"start":{"line":10,"column":0},"end":{"line":10,"column":22}},"12":{"start":{"line":46,"column":17},"end":{"line":46,"column":37}},"13":{"start":{"line":48,"column":19},"end":{"line":51,"column":4}},"14":{"start":{"line":53,"column":2},"end":{"line":53,"column":28}},"15":{"start":{"line":45,"column":0},"end":{"line":45,"column":22}},"16":{"start":{"line":57,"column":20},"end":{"line":57,"column":44}},"17":{"start":{"line":59,"column":2},"end":{"line":59,"column":56}},"18":{"start":{"line":61,"column":2},"end":{"line":64,"column":5}},"19":{"start":{"line":56,"column":0},"end":{"line":56,"column":22}}},"fnMap":{"0":{"name":"createUserSessionHandler","decl":{"start":{"line":10,"column":22},"end":{"line":10,"column":46}},"loc":{"start":{"line":10,"column":74},"end":{"line":43,"column":null}}},"1":{"name":"getUserSessionsHandler","decl":{"start":{"line":45,"column":22},"end":{"line":45,"column":44}},"loc":{"start":{"line":45,"column":72},"end":{"line":54,"column":null}}},"2":{"name":"deleteSessionHandler","decl":{"start":{"line":56,"column":22},"end":{"line":56,"column":42}},"loc":{"start":{"line":56,"column":70},"end":{"line":65,"column":null}}}},"branchMap":{"0":{"loc":{"start":{"line":14,"column":2},"end":{"line":16,"column":null}},"type":"if","locations":[{"start":{"line":14,"column":2},"end":{"line":16,"column":null}}]},"1":{"loc":{"start":{"line":18,"column":48},"end":{"line":18,"column":75}},"type":"binary-expr","locations":[{"start":{"line":18,"column":48},"end":{"line":18,"column":69}},{"start":{"line":18,"column":73},"end":{"line":18,"column":75}}]}},"s":{"0":2,"1":2,"2":2,"3":2,"4":1,"5":1,"6":0,"7":1,"8":1,"9":1,"10":1,"11":2,"12":0,"13":0,"14":0,"15":2,"16":0,"17":0,"18":0,"19":2},"f":{"0":1,"1":0,"2":0},"b":{"0":[0],"1":[1,0]}}
,"/Users/euanmorgan/Documents/Code/Express/tdt/src/controllers/user.controller.ts": {"path":"/Users/euanmorgan/Documents/Code/Express/tdt/src/controllers/user.controller.ts","statementMap":{"0":{"start":{"line":2,"column":0},"end":{"line":2,"column":37}},"1":{"start":{"line":3,"column":0},"end":{"line":3,"column":52}},"2":{"start":{"line":10,"column":2},"end":{"line":17,"column":null}},"3":{"start":{"line":11,"column":49},"end":{"line":11,"column":57}},"4":{"start":{"line":11,"column":31},"end":{"line":11,"column":36}},"5":{"start":{"line":11,"column":45},"end":{"line":11,"column":49}},"6":{"start":{"line":12,"column":17},"end":{"line":12,"column":44}},"7":{"start":{"line":13,"column":4},"end":{"line":13,"column":26}},"8":{"start":{"line":15,"column":4},"end":{"line":15,"column":24}},"9":{"start":{"line":16,"column":4},"end":{"line":16,"column":66}},"10":{"start":{"line":6,"column":0},"end":{"line":6,"column":22}}},"fnMap":{"0":{"name":"createUserHandler","decl":{"start":{"line":6,"column":22},"end":{"line":6,"column":39}},"loc":{"start":{"line":8,"column":15},"end":{"line":18,"column":null}}}},"branchMap":{},"s":{"0":2,"1":2,"2":2,"3":2,"4":2,"5":2,"6":2,"7":1,"8":1,"9":1,"10":2},"f":{"0":2},"b":{}}
,"/Users/euanmorgan/Documents/Code/Express/tdt/src/middleware/deserializeUser.ts": {"path":"/Users/euanmorgan/Documents/Code/Express/tdt/src/middleware/deserializeUser.ts","statementMap":{"0":{"start":{"line":2,"column":0},"end":{"line":2,"column":27}},"1":{"start":{"line":4,"column":0},"end":{"line":4,"column":45}},"2":{"start":{"line":5,"column":0},"end":{"line":5,"column":63}},"3":{"start":{"line":6,"column":31},"end":{"line":37,"column":2}},"4":{"start":{"line":10,"column":4},"end":{"line":37,"column":2}},"5":{"start":{"line":11,"column":22},"end":{"line":13,"column":null}},"6":{"start":{"line":16,"column":23},"end":{"line":16,"column":52}},"7":{"start":{"line":17,"column":2},"end":{"line":17,"column":34}},"8":{"start":{"line":17,"column":20},"end":{"line":17,"column":34}},"9":{"start":{"line":19,"column":36},"end":{"line":19,"column":58}},"10":{"start":{"line":20,"column":2},"end":{"line":22,"column":null}},"11":{"start":{"line":21,"column":4},"end":{"line":21,"column":38}},"12":{"start":{"line":24,"column":2},"end":{"line":34,"column":null}},"13":{"start":{"line":25,"column":27},"end":{"line":25,"column":75}},"14":{"start":{"line":26,"column":4},"end":{"line":31,"column":null}},"15":{"start":{"line":27,"column":6},"end":{"line":27,"column":54}},"16":{"start":{"line":28,"column":21},"end":{"line":28,"column":46}},"17":{"start":{"line":30,"column":6},"end":{"line":30,"column":47}},"18":{"start":{"line":33,"column":4},"end":{"line":33,"column":18}},"19":{"start":{"line":36,"column":2},"end":{"line":36,"column":16}},"20":{"start":{"line":6,"column":13},"end":{"line":6,"column":31}}},"fnMap":{"0":{"name":"(anonymous_7)","decl":{"start":{"line":6,"column":31},"end":{"line":6,"column":null}},"loc":{"start":{"line":10,"column":4},"end":{"line":37,"column":2}}},"1":{"name":"(anonymous_8)","decl":{"start":{"line":10,"column":4},"end":{"line":10,"column":null}},"loc":{"start":{"line":10,"column":4},"end":{"line":37,"column":1}}}},"branchMap":{"0":{"loc":{"start":{"line":17,"column":2},"end":{"line":17,"column":34}},"type":"if","locations":[{"start":{"line":17,"column":2},"end":{"line":17,"column":34}}]},"1":{"loc":{"start":{"line":20,"column":2},"end":{"line":22,"column":null}},"type":"if","locations":[{"start":{"line":20,"column":2},"end":{"line":22,"column":null}}]},"2":{"loc":{"start":{"line":24,"column":2},"end":{"line":34,"column":null}},"type":"if","locations":[{"start":{"line":24,"column":2},"end":{"line":34,"column":null}}]},"3":{"loc":{"start":{"line":24,"column":6},"end":{"line":24,"column":29}},"type":"binary-expr","locations":[{"start":{"line":24,"column":6},"end":{"line":24,"column":13}},{"start":{"line":24,"column":17},"end":{"line":24,"column":29}}]},"4":{"loc":{"start":{"line":26,"column":4},"end":{"line":31,"column":null}},"type":"if","locations":[{"start":{"line":26,"column":4},"end":{"line":31,"column":null}}]}},"s":{"0":2,"1":2,"2":2,"3":2,"4":7,"5":7,"6":7,"7":7,"8":6,"9":1,"10":1,"11":1,"12":1,"13":0,"14":0,"15":0,"16":0,"17":0,"18":0,"19":1,"20":2},"f":{"0":7,"1":7},"b":{"0":[6],"1":[1],"2":[0],"3":[1,0],"4":[0]}}
,"/Users/euanmorgan/Documents/Code/Express/tdt/src/middleware/requireUser.ts": {"path":"/Users/euanmorgan/Documents/Code/Express/tdt/src/middleware/requireUser.ts","statementMap":{"0":{"start":{"line":2,"column":27},"end":{"line":12,"column":2}},"1":{"start":{"line":6,"column":4},"end":{"line":12,"column":2}},"2":{"start":{"line":7,"column":15},"end":{"line":7,"column":30}},"3":{"start":{"line":8,"column":2},"end":{"line":10,"column":null}},"4":{"start":{"line":9,"column":4},"end":{"line":9,"column":54}},"5":{"start":{"line":11,"column":2},"end":{"line":11,"column":16}},"6":{"start":{"line":2,"column":13},"end":{"line":2,"column":27}}},"fnMap":{"0":{"name":"(anonymous_7)","decl":{"start":{"line":2,"column":27},"end":{"line":2,"column":null}},"loc":{"start":{"line":6,"column":4},"end":{"line":12,"column":2}}},"1":{"name":"(anonymous_8)","decl":{"start":{"line":6,"column":4},"end":{"line":6,"column":null}},"loc":{"start":{"line":6,"column":4},"end":{"line":12,"column":1}}}},"branchMap":{"0":{"loc":{"start":{"line":8,"column":2},"end":{"line":10,"column":null}},"type":"if","locations":[{"start":{"line":8,"column":2},"end":{"line":10,"column":null}}]}},"s":{"0":2,"1":2,"2":2,"3":2,"4":1,"5":1,"6":2},"f":{"0":2,"1":2},"b":{"0":[1]}}
,"/Users/euanmorgan/Documents/Code/Express/tdt/src/middleware/validateResource.ts": {"path":"/Users/euanmorgan/Documents/Code/Express/tdt/src/middleware/validateResource.ts","statementMap":{"0":{"start":{"line":1,"column":0},"end":{"line":1,"column":41}},"1":{"start":{"line":4,"column":2},"end":{"line":20,"column":3}},"2":{"start":{"line":5,"column":2},"end":{"line":20,"column":3}},"3":{"start":{"line":6,"column":4},"end":{"line":19,"column":null}},"4":{"start":{"line":7,"column":6},"end":{"line":11,"column":9}},"5":{"start":{"line":12,"column":6},"end":{"line":12,"column":13}},"6":{"start":{"line":14,"column":6},"end":{"line":16,"column":null}},"7":{"start":{"line":15,"column":8},"end":{"line":15,"column":50}},"8":{"start":{"line":18,"column":6},"end":{"line":18,"column":58}},"9":{"start":{"line":22,"column":0},"end":{"line":22,"column":24}}},"fnMap":{"0":{"name":"(anonymous_0)","decl":{"start":{"line":4,"column":2},"end":{"line":4,"column":3}},"loc":{"start":{"line":5,"column":2},"end":{"line":20,"column":3}}},"1":{"name":"(anonymous_1)","decl":{"start":{"line":5,"column":2},"end":{"line":5,"column":3}},"loc":{"start":{"line":5,"column":54},"end":{"line":20,"column":3}}}},"branchMap":{"0":{"loc":{"start":{"line":14,"column":6},"end":{"line":16,"column":null}},"type":"if","locations":[{"start":{"line":14,"column":6},"end":{"line":16,"column":null}}]}},"s":{"0":2,"1":2,"2":18,"3":6,"4":6,"5":5,"6":1,"7":1,"8":0,"9":2},"f":{"0":18,"1":6},"b":{"0":[1]}}
,"/Users/euanmorgan/Documents/Code/Express/tdt/src/models/product.model.ts": {"path":"/Users/euanmorgan/Documents/Code/Express/tdt/src/models/product.model.ts","statementMap":{"0":{"start":{"line":1,"column":0},"end":{"line":1,"column":32}},"1":{"start":{"line":2,"column":0},"end":{"line":2,"column":38}},"2":{"start":{"line":5,"column":15},"end":{"line":5,"column":73}},"3":{"start":{"line":17,"column":22},"end":{"line":34,"column":null}},"4":{"start":{"line":23,"column":21},"end":{"line":23,"column":42}},"5":{"start":{"line":37,"column":21},"end":{"line":37,"column":61}},"6":{"start":{"line":39,"column":0},"end":{"line":39,"column":28}}},"fnMap":{"0":{"name":"(anonymous_1)","decl":{"start":{"line":23,"column":15},"end":{"line":23,"column":18}},"loc":{"start":{"line":23,"column":21},"end":{"line":23,"column":42}}}},"branchMap":{},"s":{"0":2,"1":2,"2":2,"3":2,"4":2,"5":2,"6":2},"f":{"0":2},"b":{}}
,"/Users/euanmorgan/Documents/Code/Express/tdt/src/models/session.model.ts": {"path":"/Users/euanmorgan/Documents/Code/Express/tdt/src/models/session.model.ts","statementMap":{"0":{"start":{"line":1,"column":0},"end":{"line":1,"column":57}},"1":{"start":{"line":13,"column":22},"end":{"line":22,"column":null}},"2":{"start":{"line":25,"column":21},"end":{"line":25,"column":61}},"3":{"start":{"line":27,"column":0},"end":{"line":27,"column":28}}},"fnMap":{},"branchMap":{},"s":{"0":2,"1":2,"2":2,"3":2},"f":{},"b":{}}
,"/Users/euanmorgan/Documents/Code/Express/tdt/src/models/user.model.ts": {"path":"/Users/euanmorgan/Documents/Code/Express/tdt/src/models/user.model.ts","statementMap":{"0":{"start":{"line":1,"column":0},"end":{"line":1,"column":32}},"1":{"start":{"line":2,"column":0},"end":{"line":2,"column":28}},"2":{"start":{"line":3,"column":0},"end":{"line":3,"column":28}},"3":{"start":{"line":14,"column":19},"end":{"line":26,"column":null}},"4":{"start":{"line":29,"column":0},"end":{"line":41,"column":3}},"5":{"start":{"line":30,"column":15},"end":{"line":30,"column":19}},"6":{"start":{"line":31,"column":2},"end":{"line":33,"column":null}},"7":{"start":{"line":32,"column":4},"end":{"line":32,"column":18}},"8":{"start":{"line":35,"column":15},"end":{"line":35,"column":73}},"9":{"start":{"line":36,"column":15},"end":{"line":36,"column":53}},"10":{"start":{"line":38,"column":2},"end":{"line":38,"column":23}},"11":{"start":{"line":40,"column":2},"end":{"line":40,"column":16}},"12":{"start":{"line":43,"column":0},"end":{"line":49,"column":2}},"13":{"start":{"line":46,"column":15},"end":{"line":46,"column":35}},"14":{"start":{"line":48,"column":2},"end":{"line":48,"column":75}},"15":{"start":{"line":48,"column":68},"end":{"line":48,"column":73}},"16":{"start":{"line":51,"column":18},"end":{"line":51,"column":66}},"17":{"start":{"line":53,"column":0},"end":{"line":53,"column":25}}},"fnMap":{"0":{"name":"(anonymous_8)","decl":{"start":{"line":29,"column":23},"end":{"line":29,"column":39}},"loc":{"start":{"line":29,"column":43},"end":{"line":41,"column":2}}},"1":{"name":"(anonymous_10)","decl":{"start":{"line":43,"column":37},"end":{"line":43,"column":null}},"loc":{"start":{"line":44,"column":26},"end":{"line":49,"column":2}}},"2":{"name":"(anonymous_12)","decl":{"start":{"line":48,"column":63},"end":{"line":48,"column":64}},"loc":{"start":{"line":48,"column":68},"end":{"line":48,"column":73}}}},"branchMap":{"0":{"loc":{"start":{"line":31,"column":2},"end":{"line":33,"column":null}},"type":"if","locations":[{"start":{"line":31,"column":2},"end":{"line":33,"column":null}}]}},"s":{"0":2,"1":2,"2":2,"3":2,"4":2,"5":0,"6":0,"7":0,"8":0,"9":0,"10":0,"11":0,"12":2,"13":0,"14":0,"15":0,"16":2,"17":2},"f":{"0":0,"1":0,"2":0},"b":{"0":[0]}}
,"/Users/euanmorgan/Documents/Code/Express/tdt/src/schemas/product.schema.ts": {"path":"/Users/euanmorgan/Documents/Code/Express/tdt/src/schemas/product.schema.ts","statementMap":{"0":{"start":{"line":1,"column":0},"end":{"line":1,"column":22}},"1":{"start":{"line":3,"column":16},"end":{"line":20,"column":2}},"2":{"start":{"line":22,"column":15},"end":{"line":28,"column":2}},"3":{"start":{"line":30,"column":13},"end":{"line":32,"column":3}},"4":{"start":{"line":34,"column":13},"end":{"line":37,"column":3}},"5":{"start":{"line":39,"column":13},"end":{"line":41,"column":3}},"6":{"start":{"line":43,"column":13},"end":{"line":45,"column":3}}},"fnMap":{},"branchMap":{},"s":{"0":2,"1":2,"2":2,"3":2,"4":2,"5":2,"6":2},"f":{},"b":{}}
,"/Users/euanmorgan/Documents/Code/Express/tdt/src/schemas/session.schema.ts": {"path":"/Users/euanmorgan/Documents/Code/Express/tdt/src/schemas/session.schema.ts","statementMap":{"0":{"start":{"line":1,"column":0},"end":{"line":1,"column":22}},"1":{"start":{"line":3,"column":13},"end":{"line":16,"column":3}}},"fnMap":{},"branchMap":{},"s":{"0":2,"1":2},"f":{},"b":{}}
,"/Users/euanmorgan/Documents/Code/Express/tdt/src/schemas/user.schema.ts": {"path":"/Users/euanmorgan/Documents/Code/Express/tdt/src/schemas/user.schema.ts","statementMap":{"0":{"start":{"line":1,"column":0},"end":{"line":1,"column":22}},"1":{"start":{"line":3,"column":13},"end":{"line":28,"column":3}},"2":{"start":{"line":25,"column":20},"end":{"line":25,"column":63}}},"fnMap":{"0":{"name":"(anonymous_0)","decl":{"start":{"line":25,"column":12},"end":{"line":25,"column":16}},"loc":{"start":{"line":25,"column":20},"end":{"line":25,"column":63}}}},"branchMap":{},"s":{"0":2,"1":2,"2":3},"f":{"0":3},"b":{}}
,"/Users/euanmorgan/Documents/Code/Express/tdt/src/services/product.service.ts": {"path":"/Users/euanmorgan/Documents/Code/Express/tdt/src/services/product.service.ts","statementMap":{"0":{"start":{"line":1,"column":0},"end":{"line":1,"column":70}},"1":{"start":{"line":12,"column":2},"end":{"line":12,"column":36}},"2":{"start":{"line":9,"column":0},"end":{"line":9,"column":22}},"3":{"start":{"line":18,"column":2},"end":{"line":18,"column":50}},"4":{"start":{"line":14,"column":0},"end":{"line":14,"column":22}},"5":{"start":{"line":26,"column":2},"end":{"line":26,"column":63}},"6":{"start":{"line":21,"column":0},"end":{"line":21,"column":22}},"7":{"start":{"line":30,"column":2},"end":{"line":30,"column":39}},"8":{"start":{"line":29,"column":0},"end":{"line":29,"column":22}}},"fnMap":{"0":{"name":"createProduct","decl":{"start":{"line":9,"column":22},"end":{"line":9,"column":35}},"loc":{"start":{"line":10,"column":71},"end":{"line":13,"column":null}}},"1":{"name":"findProduct","decl":{"start":{"line":14,"column":22},"end":{"line":14,"column":33}},"loc":{"start":{"line":16,"column":38},"end":{"line":19,"column":null}}},"2":{"name":"findAndUpdateProduct","decl":{"start":{"line":21,"column":22},"end":{"line":21,"column":42}},"loc":{"start":{"line":24,"column":23},"end":{"line":27,"column":null}}},"3":{"name":"deleteProduct","decl":{"start":{"line":29,"column":22},"end":{"line":29,"column":35}},"loc":{"start":{"line":29,"column":71},"end":{"line":31,"column":null}}}},"branchMap":{"0":{"loc":{"start":{"line":16,"column":2},"end":{"line":16,"column":38}},"type":"default-arg","locations":[{"start":{"line":16,"column":26},"end":{"line":16,"column":38}}]}},"s":{"0":2,"1":2,"2":2,"3":2,"4":2,"5":0,"6":2,"7":0,"8":2},"f":{"0":2,"1":2,"2":0,"3":0},"b":{"0":[2]}}
,"/Users/euanmorgan/Documents/Code/Express/tdt/src/services/session.service.ts": {"path":"/Users/euanmorgan/Documents/Code/Express/tdt/src/services/session.service.ts","statementMap":{"0":{"start":{"line":2,"column":0},"end":{"line":2,"column":70}},"1":{"start":{"line":4,"column":0},"end":{"line":4,"column":54}},"2":{"start":{"line":5,"column":0},"end":{"line":5,"column":27}},"3":{"start":{"line":6,"column":0},"end":{"line":6,"column":40}},"4":{"start":{"line":7,"column":0},"end":{"line":7,"column":28}},"5":{"start":{"line":12,"column":18},"end":{"line":15,"column":4}},"6":{"start":{"line":17,"column":2},"end":{"line":17,"column":26}},"7":{"start":{"line":8,"column":0},"end":{"line":8,"column":22}},"8":{"start":{"line":21,"column":2},"end":{"line":21,"column":41}},"9":{"start":{"line":20,"column":0},"end":{"line":20,"column":22}},"10":{"start":{"line":28,"column":2},"end":{"line":28,"column":47}},"11":{"start":{"line":24,"column":0},"end":{"line":24,"column":22}},"12":{"start":{"line":32,"column":20},"end":{"line":32,"column":43}},"13":{"start":{"line":34,"column":2},"end":{"line":34,"column":53}},"14":{"start":{"line":34,"column":40},"end":{"line":34,"column":53}},"15":{"start":{"line":36,"column":18},"end":{"line":36,"column":70}},"16":{"start":{"line":37,"column":2},"end":{"line":37,"column":47}},"17":{"start":{"line":37,"column":34},"end":{"line":37,"column":47}},"18":{"start":{"line":39,"column":15},"end":{"line":41,"column":4}},"19":{"start":{"line":43,"column":2},"end":{"line":43,"column":26}},"20":{"start":{"line":43,"column":13},"end":{"line":43,"column":26}},"21":{"start":{"line":45,"column":22},"end":{"line":52,"column":null}},"22":{"start":{"line":55,"column":2},"end":{"line":55,"column":21}},"23":{"start":{"line":31,"column":0},"end":{"line":31,"column":22}}},"fnMap":{"0":{"name":"createSession","decl":{"start":{"line":8,"column":22},"end":{"line":8,"column":35}},"loc":{"start":{"line":10,"column":19},"end":{"line":18,"column":null}}},"1":{"name":"findSessions","decl":{"start":{"line":20,"column":22},"end":{"line":20,"column":34}},"loc":{"start":{"line":20,"column":70},"end":{"line":22,"column":null}}},"2":{"name":"updateSession","decl":{"start":{"line":24,"column":22},"end":{"line":24,"column":35}},"loc":{"start":{"line":26,"column":34},"end":{"line":29,"column":null}}},"3":{"name":"reissueAccessToken","decl":{"start":{"line":31,"column":22},"end":{"line":31,"column":40}},"loc":{"start":{"line":31,"column":61},"end":{"line":56,"column":null}}}},"branchMap":{"0":{"loc":{"start":{"line":34,"column":2},"end":{"line":34,"column":53}},"type":"if","locations":[{"start":{"line":34,"column":2},"end":{"line":34,"column":53}}]},"1":{"loc":{"start":{"line":34,"column":6},"end":{"line":34,"column":38}},"type":"binary-expr","locations":[{"start":{"line":34,"column":6},"end":{"line":34,"column":14}},{"start":{"line":34,"column":18},"end":{"line":34,"column":38}}]},"2":{"loc":{"start":{"line":37,"column":2},"end":{"line":37,"column":47}},"type":"if","locations":[{"start":{"line":37,"column":2},"end":{"line":37,"column":47}}]},"3":{"loc":{"start":{"line":37,"column":6},"end":{"line":37,"column":32}},"type":"binary-expr","locations":[{"start":{"line":37,"column":6},"end":{"line":37,"column":14}},{"start":{"line":37,"column":18},"end":{"line":37,"column":32}}]},"4":{"loc":{"start":{"line":43,"column":2},"end":{"line":43,"column":26}},"type":"if","locations":[{"start":{"line":43,"column":2},"end":{"line":43,"column":26}}]}},"s":{"0":2,"1":2,"2":2,"3":2,"4":2,"5":0,"6":0,"7":2,"8":0,"9":2,"10":0,"11":2,"12":0,"13":0,"14":0,"15":0,"16":0,"17":0,"18":0,"19":0,"20":0,"21":0,"22":0,"23":2},"f":{"0":0,"1":0,"2":0,"3":0},"b":{"0":[0],"1":[0,0],"2":[0],"3":[0,0],"4":[0]}}
,"/Users/euanmorgan/Documents/Code/Express/tdt/src/services/user.service.ts": {"path":"/Users/euanmorgan/Documents/Code/Express/tdt/src/services/user.service.ts","statementMap":{"0":{"start":{"line":2,"column":0},"end":{"line":2,"column":61}},"1":{"start":{"line":3,"column":0},"end":{"line":3,"column":28}},"2":{"start":{"line":8,"column":2},"end":{"line":13,"column":null}},"3":{"start":{"line":9,"column":17},"end":{"line":9,"column":46}},"4":{"start":{"line":10,"column":4},"end":{"line":10,"column":43}},"5":{"start":{"line":12,"column":4},"end":{"line":12,"column":23}},"6":{"start":{"line":5,"column":0},"end":{"line":5,"column":22}},"7":{"start":{"line":23,"column":15},"end":{"line":23,"column":47}},"8":{"start":{"line":25,"column":2},"end":{"line":27,"column":null}},"9":{"start":{"line":26,"column":4},"end":{"line":26,"column":17}},"10":{"start":{"line":29,"column":18},"end":{"line":29,"column":54}},"11":{"start":{"line":31,"column":2},"end":{"line":33,"column":null}},"12":{"start":{"line":32,"column":4},"end":{"line":32,"column":17}},"13":{"start":{"line":35,"column":2},"end":{"line":35,"column":41}},"14":{"start":{"line":16,"column":0},"end":{"line":16,"column":22}},"15":{"start":{"line":39,"column":2},"end":{"line":39,"column":41}},"16":{"start":{"line":38,"column":0},"end":{"line":38,"column":22}}},"fnMap":{"0":{"name":"createUser","decl":{"start":{"line":5,"column":22},"end":{"line":5,"column":32}},"loc":{"start":{"line":6,"column":74},"end":{"line":14,"column":null}}},"1":{"name":"validatePassword","decl":{"start":{"line":16,"column":22},"end":{"line":16,"column":38}},"loc":{"start":{"line":22,"column":1},"end":{"line":36,"column":null}}},"2":{"name":"findUser","decl":{"start":{"line":38,"column":22},"end":{"line":38,"column":30}},"loc":{"start":{"line":38,"column":63},"end":{"line":40,"column":null}}}},"branchMap":{"0":{"loc":{"start":{"line":25,"column":2},"end":{"line":27,"column":null}},"type":"if","locations":[{"start":{"line":25,"column":2},"end":{"line":27,"column":null}}]},"1":{"loc":{"start":{"line":31,"column":2},"end":{"line":33,"column":null}},"type":"if","locations":[{"start":{"line":31,"column":2},"end":{"line":33,"column":null}}]}},"s":{"0":2,"1":2,"2":0,"3":0,"4":0,"5":0,"6":2,"7":0,"8":0,"9":0,"10":0,"11":0,"12":0,"13":0,"14":2,"15":0,"16":2},"f":{"0":0,"1":0,"2":0},"b":{"0":[0],"1":[0]}}
,"/Users/euanmorgan/Documents/Code/Express/tdt/src/utils/jwt.utils.ts": {"path":"/Users/euanmorgan/Documents/Code/Express/tdt/src/utils/jwt.utils.ts","statementMap":{"0":{"start":{"line":1,"column":0},"end":{"line":1,"column":31}},"1":{"start":{"line":2,"column":0},"end":{"line":2,"column":28}},"2":{"start":{"line":4,"column":19},"end":{"line":4,"column":51}},"3":{"start":{"line":5,"column":18},"end":{"line":5,"column":49}},"4":{"start":{"line":8,"column":2},"end":{"line":11,"column":5}},"5":{"start":{"line":7,"column":0},"end":{"line":7,"column":16}},"6":{"start":{"line":15,"column":2},"end":{"line":28,"column":null}},"7":{"start":{"line":16,"column":20},"end":{"line":16,"column":48}},"8":{"start":{"line":17,"column":4},"end":{"line":21,"column":6}},"9":{"start":{"line":23,"column":4},"end":{"line":27,"column":6}},"10":{"start":{"line":14,"column":0},"end":{"line":14,"column":16}}},"fnMap":{"0":{"name":"signJwt","decl":{"start":{"line":7,"column":16},"end":{"line":7,"column":23}},"loc":{"start":{"line":7,"column":66},"end":{"line":12,"column":1}}},"1":{"name":"verifyJwt","decl":{"start":{"line":14,"column":16},"end":{"line":14,"column":25}},"loc":{"start":{"line":14,"column":39},"end":{"line":29,"column":1}}}},"branchMap":{"0":{"loc":{"start":{"line":9,"column":8},"end":{"line":9,"column":26}},"type":"binary-expr","locations":[{"start":{"line":9,"column":8},"end":{"line":9,"column":15}},{"start":{"line":9,"column":19},"end":{"line":9,"column":26}}]},"1":{"loc":{"start":{"line":25,"column":15},"end":{"line":25,"column":29}},"type":"cond-expr","locations":[{"start":{"line":25,"column":20},"end":{"line":25,"column":22}},{"start":{"line":25,"column":15},"end":{"line":25,"column":29}}]},"2":{"loc":{"start":{"line":25,"column":15},"end":{"line":25,"column":22}},"type":"binary-expr","locations":[{"start":{"line":25,"column":15},"end":{"line":25,"column":22}},{"start":{"line":25,"column":15},"end":{"line":25,"column":22}}]}},"s":{"0":2,"1":2,"2":2,"3":2,"4":3,"5":2,"6":1,"7":1,"8":1,"9":0,"10":2},"f":{"0":3,"1":1},"b":{"0":[3,2],"1":[0,0],"2":[0,0]}}
,"/Users/euanmorgan/Documents/Code/Express/tdt/src/utils/logger.ts": {"path":"/Users/euanmorgan/Documents/Code/Express/tdt/src/utils/logger.ts","statementMap":{"0":{"start":{"line":1,"column":0},"end":{"line":1,"column":26}},"1":{"start":{"line":2,"column":0},"end":{"line":2,"column":26}},"2":{"start":{"line":4,"column":12},"end":{"line":12,"column":2}},"3":{"start":{"line":11,"column":19},"end":{"line":11,"column":50}},"4":{"start":{"line":14,"column":0},"end":{"line":14,"column":19}}},"fnMap":{"0":{"name":"(anonymous_1)","decl":{"start":{"line":11,"column":13},"end":{"line":11,"column":16}},"loc":{"start":{"line":11,"column":19},"end":{"line":11,"column":50}}}},"branchMap":{},"s":{"0":2,"1":2,"2":2,"3":3,"4":2},"f":{"0":3},"b":{}}
,"/Users/euanmorgan/Documents/Code/Express/tdt/src/utils/server.ts": {"path":"/Users/euanmorgan/Documents/Code/Express/tdt/src/utils/server.ts","statementMap":{"0":{"start":{"line":1,"column":0},"end":{"line":1,"column":30}},"1":{"start":{"line":2,"column":0},"end":{"line":2,"column":62}},"2":{"start":{"line":3,"column":0},"end":{"line":3,"column":31}},"3":{"start":{"line":5,"column":28},"end":{"line":14,"column":1}},"4":{"start":{"line":6,"column":14},"end":{"line":6,"column":23}},"5":{"start":{"line":8,"column":2},"end":{"line":8,"column":26}},"6":{"start":{"line":9,"column":2},"end":{"line":9,"column":27}},"7":{"start":{"line":11,"column":2},"end":{"line":11,"column":14}},"8":{"start":{"line":13,"column":2},"end":{"line":13,"column":13}},"9":{"start":{"line":5,"column":13},"end":{"line":5,"column":28}}},"fnMap":{"0":{"name":"(anonymous_1)","decl":{"start":{"line":5,"column":28},"end":{"line":5,"column":31}},"loc":{"start":{"line":5,"column":33},"end":{"line":14,"column":1}}}},"branchMap":{},"s":{"0":2,"1":2,"2":2,"3":2,"4":3,"5":3,"6":3,"7":3,"8":3,"9":2},"f":{"0":3},"b":{}}
}
