TN:
SF:config/default.ts
FNF:0
FNH:0
DA:1,2
LF:1
LH:1
BRF:0
BRH:0
end_of_record
TN:
SF:src/routes.ts
FN:24,routes
FN:25,(anonymous_2)
FNF:2
FNH:1
FNDA:3,routes
FNDA:0,(anonymous_2)
DA:2,2
DA:3,2
DA:4,2
DA:5,2
DA:10,2
DA:11,2
DA:12,2
DA:18,2
DA:25,3
DA:26,0
DA:29,3
DA:34,3
DA:40,3
DA:41,3
DA:43,3
DA:48,3
DA:53,3
DA:58,3
DA:65,2
LF:19
LH:18
BRF:0
BRH:0
end_of_record
TN:
SF:src/controllers/product.controller.ts
FN:13,createProductHandler
FN:31,updateProductHandler
FN:60,getProductHandler
FN:80,deleteProductHandler
FNF:4
FNH:2
FNDA:1,createProductHandler
FNDA:0,updateProductHandler
FNDA:2,getProductHandler
FNDA:0,deleteProductHandler
DA:6,2
DA:13,2
DA:17,1
DA:19,1
DA:21,1
DA:22,1
DA:24,1
DA:26,0
DA:31,2
DA:35,0
DA:36,0
DA:38,0
DA:40,0
DA:41,0
DA:43,0
DA:44,0
DA:47,0
DA:48,0
DA:51,0
DA:55,0
DA:57,0
DA:60,2
DA:64,2
DA:66,2
DA:67,2
DA:69,2
DA:71,2
DA:72,1
DA:75,1
DA:77,0
DA:80,2
DA:84,0
DA:85,0
DA:87,0
DA:88,0
DA:90,0
DA:91,0
DA:94,0
DA:95,0
DA:98,0
DA:100,0
DA:102,0
LF:42
LH:17
BRDA:43,0,0,0
BRDA:47,1,0,0
BRDA:71,2,0,1
BRDA:90,3,0,0
BRDA:94,4,0,0
BRF:5
BRH:1
end_of_record
TN:
SF:src/controllers/session.controller.ts
FN:10,createUserSessionHandler
FN:45,getUserSessionsHandler
FN:56,deleteSessionHandler
FNF:3
FNH:1
FNDA:1,createUserSessionHandler
FNDA:0,getUserSessionsHandler
FNDA:0,deleteSessionHandler
DA:2,2
DA:3,2
DA:8,2
DA:9,2
DA:10,2
DA:12,1
DA:14,1
DA:15,0
DA:18,1
DA:20,1
DA:31,1
DA:42,1
DA:45,2
DA:46,0
DA:48,0
DA:53,0
DA:56,2
DA:57,0
DA:59,0
DA:61,0
LF:20
LH:13
BRDA:14,0,0,0
BRDA:18,1,0,1
BRDA:18,1,1,0
BRF:3
BRH:1
end_of_record
TN:
SF:src/controllers/user.controller.ts
FN:6,createUserHandler
FNF:1
FNH:1
FNDA:2,createUserHandler
DA:2,2
DA:3,2
DA:6,2
DA:10,2
DA:11,2
DA:12,2
DA:13,1
DA:15,1
DA:16,1
LF:9
LH:9
BRF:0
BRH:0
end_of_record
TN:
SF:src/middleware/deserializeUser.ts
FN:6,(anonymous_7)
FN:10,(anonymous_8)
FNF:2
FNH:2
FNDA:7,(anonymous_7)
FNDA:7,(anonymous_8)
DA:2,2
DA:4,2
DA:5,2
DA:6,2
DA:10,7
DA:11,7
DA:16,7
DA:17,7
DA:19,1
DA:20,1
DA:21,1
DA:24,1
DA:25,0
DA:26,0
DA:27,0
DA:28,0
DA:30,0
DA:33,0
DA:36,1
LF:19
LH:13
BRDA:17,0,0,6
BRDA:20,1,0,1
BRDA:24,2,0,0
BRDA:24,3,0,1
BRDA:24,3,1,0
BRDA:26,4,0,0
BRF:6
BRH:3
end_of_record
TN:
SF:src/middleware/requireUser.ts
FN:2,(anonymous_7)
FN:6,(anonymous_8)
FNF:2
FNH:2
FNDA:2,(anonymous_7)
FNDA:2,(anonymous_8)
DA:2,2
DA:6,2
DA:7,2
DA:8,2
DA:9,1
DA:11,1
LF:6
LH:6
BRDA:8,0,0,1
BRF:1
BRH:1
end_of_record
TN:
SF:src/middleware/validateResource.ts
FN:4,(anonymous_0)
FN:5,(anonymous_1)
FNF:2
FNH:2
FNDA:18,(anonymous_0)
FNDA:6,(anonymous_1)
DA:1,2
DA:4,2
DA:5,18
DA:6,6
DA:7,6
DA:12,5
DA:14,1
DA:15,1
DA:18,0
DA:22,2
LF:10
LH:9
BRDA:14,0,0,1
BRF:1
BRH:1
end_of_record
TN:
SF:src/models/product.model.ts
FN:23,(anonymous_1)
FNF:1
FNH:1
FNDA:2,(anonymous_1)
DA:1,2
DA:2,2
DA:5,2
DA:17,2
DA:23,2
DA:37,2
DA:39,2
LF:7
LH:7
BRF:0
BRH:0
end_of_record
TN:
SF:src/models/session.model.ts
FNF:0
FNH:0
DA:1,2
DA:13,2
DA:25,2
DA:27,2
LF:4
LH:4
BRF:0
BRH:0
end_of_record
TN:
SF:src/models/user.model.ts
FN:29,(anonymous_8)
FN:43,(anonymous_10)
FN:48,(anonymous_12)
FNF:3
FNH:0
FNDA:0,(anonymous_8)
FNDA:0,(anonymous_10)
FNDA:0,(anonymous_12)
DA:1,2
DA:2,2
DA:3,2
DA:14,2
DA:29,2
DA:30,0
DA:31,0
DA:32,0
DA:35,0
DA:36,0
DA:38,0
DA:40,0
DA:43,2
DA:46,0
DA:48,0
DA:51,2
DA:53,2
LF:17
LH:8
BRDA:31,0,0,0
BRF:1
BRH:0
end_of_record
TN:
SF:src/schemas/product.schema.ts
FNF:0
FNH:0
DA:1,2
DA:3,2
DA:22,2
DA:30,2
DA:34,2
DA:39,2
DA:43,2
LF:7
LH:7
BRF:0
BRH:0
end_of_record
TN:
SF:src/schemas/session.schema.ts
FNF:0
FNH:0
DA:1,2
DA:3,2
LF:2
LH:2
BRF:0
BRH:0
end_of_record
TN:
SF:src/schemas/user.schema.ts
FN:25,(anonymous_0)
FNF:1
FNH:1
FNDA:3,(anonymous_0)
DA:1,2
DA:3,2
DA:25,3
LF:3
LH:3
BRF:0
BRH:0
end_of_record
TN:
SF:src/services/product.service.ts
FN:9,createProduct
FN:14,findProduct
FN:21,findAndUpdateProduct
FN:29,deleteProduct
FNF:4
FNH:2
FNDA:2,createProduct
FNDA:2,findProduct
FNDA:0,findAndUpdateProduct
FNDA:0,deleteProduct
DA:1,2
DA:9,2
DA:12,2
DA:14,2
DA:18,2
DA:21,2
DA:26,0
DA:29,2
DA:30,0
LF:9
LH:7
BRDA:16,0,0,2
BRF:1
BRH:1
end_of_record
TN:
SF:src/services/session.service.ts
FN:8,createSession
FN:20,findSessions
FN:24,updateSession
FN:31,reissueAccessToken
FNF:4
FNH:0
FNDA:0,createSession
FNDA:0,findSessions
FNDA:0,updateSession
FNDA:0,reissueAccessToken
DA:2,2
DA:4,2
DA:5,2
DA:6,2
DA:7,2
DA:8,2
DA:12,0
DA:17,0
DA:20,2
DA:21,0
DA:24,2
DA:28,0
DA:31,2
DA:32,0
DA:34,0
DA:36,0
DA:37,0
DA:39,0
DA:43,0
DA:45,0
DA:55,0
LF:21
LH:9
BRDA:34,0,0,0
BRDA:34,1,0,0
BRDA:34,1,1,0
BRDA:37,2,0,0
BRDA:37,3,0,0
BRDA:37,3,1,0
BRDA:43,4,0,0
BRF:7
BRH:0
end_of_record
TN:
SF:src/services/user.service.ts
FN:5,createUser
FN:16,validatePassword
FN:38,findUser
FNF:3
FNH:0
FNDA:0,createUser
FNDA:0,validatePassword
FNDA:0,findUser
DA:2,2
DA:3,2
DA:5,2
DA:8,0
DA:9,0
DA:10,0
DA:12,0
DA:16,2
DA:23,0
DA:25,0
DA:26,0
DA:29,0
DA:31,0
DA:32,0
DA:35,0
DA:38,2
DA:39,0
LF:17
LH:5
BRDA:25,0,0,0
BRDA:31,1,0,0
BRF:2
BRH:0
end_of_record
TN:
SF:src/utils/jwt.utils.ts
FN:7,signJwt
FN:14,verifyJwt
FNF:2
FNH:2
FNDA:3,signJwt
FNDA:1,verifyJwt
DA:1,2
DA:2,2
DA:4,2
DA:5,2
DA:7,2
DA:8,3
DA:14,2
DA:15,1
DA:16,1
DA:17,1
DA:23,0
LF:11
LH:10
BRDA:9,0,0,3
BRDA:9,0,1,2
BRDA:25,1,0,0
BRDA:25,1,1,0
BRDA:25,2,0,0
BRDA:25,2,1,0
BRF:6
BRH:2
end_of_record
TN:
SF:src/utils/logger.ts
FN:11,(anonymous_1)
FNF:1
FNH:1
FNDA:3,(anonymous_1)
DA:1,2
DA:2,2
DA:4,2
DA:11,3
DA:14,2
LF:5
LH:5
BRF:0
BRH:0
end_of_record
TN:
SF:src/utils/server.ts
FN:5,(anonymous_1)
FNF:1
FNH:1
FNDA:3,(anonymous_1)
DA:1,2
DA:2,2
DA:3,2
DA:5,2
DA:6,3
DA:8,3
DA:9,3
DA:11,3
DA:13,3
LF:9
LH:9
BRF:0
BRH:0
end_of_record
